mode: set
together/be8/delivery/controller/address/address.go:22.99,27.2 1 1
together/be8/delivery/controller/address/address.go:30.59,31.36 1 1
together/be8/delivery/controller/address/address.go:31.36,33.41 2 1
together/be8/delivery/controller/address/address.go:38.3,38.49 1 1
together/be8/delivery/controller/address/address.go:42.3,53.23 3 1
together/be8/delivery/controller/address/address.go:57.3,57.67 1 1
together/be8/delivery/controller/address/address.go:33.41,36.4 2 1
together/be8/delivery/controller/address/address.go:38.49,41.4 2 1
together/be8/delivery/controller/address/address.go:53.23,56.4 2 1
together/be8/delivery/controller/address/address.go:62.59,63.36 1 1
together/be8/delivery/controller/address/address.go:63.36,65.17 2 1
together/be8/delivery/controller/address/address.go:69.3,69.64 1 1
together/be8/delivery/controller/address/address.go:65.17,68.4 2 1
together/be8/delivery/controller/address/address.go:74.58,75.36 1 1
together/be8/delivery/controller/address/address.go:75.36,78.17 3 1
together/be8/delivery/controller/address/address.go:82.3,83.29 2 1
together/be8/delivery/controller/address/address.go:87.3,87.63 1 1
together/be8/delivery/controller/address/address.go:78.17,81.4 2 1
together/be8/delivery/controller/address/address.go:83.29,86.4 2 1
together/be8/delivery/controller/address/address.go:92.59,93.36 1 1
together/be8/delivery/controller/address/address.go:93.36,95.41 2 1
together/be8/delivery/controller/address/address.go:98.3,100.17 3 1
together/be8/delivery/controller/address/address.go:104.3,106.29 2 1
together/be8/delivery/controller/address/address.go:109.3,109.22 1 1
together/be8/delivery/controller/address/address.go:112.3,112.26 1 1
together/be8/delivery/controller/address/address.go:115.3,115.32 1 1
together/be8/delivery/controller/address/address.go:118.3,118.31 1 1
together/be8/delivery/controller/address/address.go:121.3,121.24 1 1
together/be8/delivery/controller/address/address.go:124.3,124.23 1 1
together/be8/delivery/controller/address/address.go:127.3,128.25 2 1
together/be8/delivery/controller/address/address.go:132.3,132.62 1 1
together/be8/delivery/controller/address/address.go:95.41,97.4 1 1
together/be8/delivery/controller/address/address.go:100.17,103.4 2 1
together/be8/delivery/controller/address/address.go:106.29,108.4 1 1
together/be8/delivery/controller/address/address.go:109.22,111.4 1 1
together/be8/delivery/controller/address/address.go:112.26,114.4 1 1
together/be8/delivery/controller/address/address.go:115.32,117.4 1 1
together/be8/delivery/controller/address/address.go:118.31,120.4 1 1
together/be8/delivery/controller/address/address.go:121.24,123.4 1 1
together/be8/delivery/controller/address/address.go:124.23,126.4 1 1
together/be8/delivery/controller/address/address.go:128.25,131.4 2 1
together/be8/delivery/controller/address/address.go:137.59,138.36 1 1
together/be8/delivery/controller/address/address.go:138.36,141.17 3 1
together/be8/delivery/controller/address/address.go:145.3,146.23 2 1
together/be8/delivery/controller/address/address.go:149.3,149.52 1 1
together/be8/delivery/controller/address/address.go:141.17,144.4 2 1
together/be8/delivery/controller/address/address.go:146.23,148.4 1 1
