mode: set
together/be8/delivery/controller/category/category.go:24.108,29.2 1 1
together/be8/delivery/controller/category/category.go:32.61,33.36 1 1
together/be8/delivery/controller/category/category.go:33.36,35.41 2 1
together/be8/delivery/controller/category/category.go:40.3,40.49 1 1
together/be8/delivery/controller/category/category.go:44.3,50.23 4 1
together/be8/delivery/controller/category/category.go:54.3,54.63 1 1
together/be8/delivery/controller/category/category.go:35.41,38.4 2 1
together/be8/delivery/controller/category/category.go:40.49,43.4 2 1
together/be8/delivery/controller/category/category.go:50.23,53.4 2 1
together/be8/delivery/controller/category/category.go:58.61,59.36 1 1
together/be8/delivery/controller/category/category.go:59.36,62.17 2 1
together/be8/delivery/controller/category/category.go:66.3,66.60 1 1
together/be8/delivery/controller/category/category.go:62.17,65.4 2 1
together/be8/delivery/controller/category/category.go:70.60,71.36 1 1
together/be8/delivery/controller/category/category.go:71.36,75.17 3 1
together/be8/delivery/controller/category/category.go:79.3,80.17 2 1
together/be8/delivery/controller/category/category.go:84.3,84.59 1 1
together/be8/delivery/controller/category/category.go:75.17,78.4 2 1
together/be8/delivery/controller/category/category.go:80.17,83.4 2 1
together/be8/delivery/controller/category/category.go:88.56,89.36 1 1
together/be8/delivery/controller/category/category.go:89.36,92.17 3 1
together/be8/delivery/controller/category/category.go:96.3,97.41 2 1
together/be8/delivery/controller/category/category.go:101.3,108.25 4 1
together/be8/delivery/controller/category/category.go:112.3,112.58 1 1
together/be8/delivery/controller/category/category.go:92.17,95.4 2 1
together/be8/delivery/controller/category/category.go:97.41,99.4 1 1
together/be8/delivery/controller/category/category.go:108.25,111.4 2 1
together/be8/delivery/controller/category/category.go:115.56,116.36 1 1
together/be8/delivery/controller/category/category.go:116.36,121.17 4 1
together/be8/delivery/controller/category/category.go:126.3,129.23 3 1
together/be8/delivery/controller/category/category.go:132.3,132.52 1 1
together/be8/delivery/controller/category/category.go:121.17,125.4 2 1
together/be8/delivery/controller/category/category.go:129.23,131.4 1 1
