mode: set
together/be8/delivery/controller/cart/cart.go:26.93,31.2 1 1
together/be8/delivery/controller/cart/cart.go:34.53,35.36 1 1
together/be8/delivery/controller/cart/cart.go:35.36,37.41 2 1
together/be8/delivery/controller/cart/cart.go:42.3,42.49 1 1
together/be8/delivery/controller/cart/cart.go:46.3,56.23 4 1
together/be8/delivery/controller/cart/cart.go:60.3,69.66 2 1
together/be8/delivery/controller/cart/cart.go:37.41,40.4 2 1
together/be8/delivery/controller/cart/cart.go:42.49,45.4 2 1
together/be8/delivery/controller/cart/cart.go:56.23,59.4 2 1
together/be8/delivery/controller/cart/cart.go:74.53,75.36 1 1
together/be8/delivery/controller/cart/cart.go:75.36,78.17 3 1
together/be8/delivery/controller/cart/cart.go:83.3,87.37 5 1
together/be8/delivery/controller/cart/cart.go:109.3,109.69 1 1
together/be8/delivery/controller/cart/cart.go:78.17,81.4 2 1
together/be8/delivery/controller/cart/cart.go:87.37,90.29 3 1
together/be8/delivery/controller/cart/cart.go:103.4,107.27 5 1
together/be8/delivery/controller/cart/cart.go:90.29,91.35 1 1
together/be8/delivery/controller/cart/cart.go:91.35,94.33 3 1
together/be8/delivery/controller/cart/cart.go:94.33,95.27 1 1
together/be8/delivery/controller/cart/cart.go:99.7,99.18 1 1
together/be8/delivery/controller/cart/cart.go:95.27,98.8 2 1
together/be8/delivery/controller/cart/cart.go:114.53,115.36 1 1
together/be8/delivery/controller/cart/cart.go:115.36,117.41 2 1
together/be8/delivery/controller/cart/cart.go:120.3,122.17 3 1
together/be8/delivery/controller/cart/cart.go:126.3,129.25 4 1
together/be8/delivery/controller/cart/cart.go:134.3,144.61 2 1
together/be8/delivery/controller/cart/cart.go:117.41,119.4 1 1
together/be8/delivery/controller/cart/cart.go:122.17,125.4 2 1
together/be8/delivery/controller/cart/cart.go:129.25,132.4 2 1
together/be8/delivery/controller/cart/cart.go:149.53,150.36 1 1
together/be8/delivery/controller/cart/cart.go:150.36,153.17 3 1
together/be8/delivery/controller/cart/cart.go:158.3,161.23 3 1
together/be8/delivery/controller/cart/cart.go:164.3,164.52 1 1
together/be8/delivery/controller/cart/cart.go:153.17,156.4 2 1
together/be8/delivery/controller/cart/cart.go:161.23,163.4 1 1
together/be8/delivery/controller/cart/cart.go:169.51,170.36 1 1
together/be8/delivery/controller/cart/cart.go:170.36,173.17 3 1
together/be8/delivery/controller/cart/cart.go:177.3,193.37 6 1
together/be8/delivery/controller/cart/cart.go:215.3,216.59 2 1
together/be8/delivery/controller/cart/cart.go:173.17,175.4 1 1
together/be8/delivery/controller/cart/cart.go:193.37,196.27 3 1
together/be8/delivery/controller/cart/cart.go:209.4,213.27 5 1
together/be8/delivery/controller/cart/cart.go:196.27,197.35 1 1
together/be8/delivery/controller/cart/cart.go:197.35,200.33 3 1
together/be8/delivery/controller/cart/cart.go:200.33,201.27 1 1
together/be8/delivery/controller/cart/cart.go:205.7,205.18 1 1
together/be8/delivery/controller/cart/cart.go:201.27,204.8 2 1
together/be8/delivery/controller/address/address.go:23.99,28.2 1 1
together/be8/delivery/controller/address/address.go:31.59,32.36 1 1
together/be8/delivery/controller/address/address.go:32.36,34.41 2 1
together/be8/delivery/controller/address/address.go:39.3,39.49 1 1
together/be8/delivery/controller/address/address.go:44.3,56.23 4 1
together/be8/delivery/controller/address/address.go:61.3,72.69 2 1
together/be8/delivery/controller/address/address.go:34.41,37.4 2 1
together/be8/delivery/controller/address/address.go:39.49,42.4 2 1
together/be8/delivery/controller/address/address.go:56.23,59.4 2 1
together/be8/delivery/controller/address/address.go:77.59,78.36 1 1
together/be8/delivery/controller/address/address.go:78.36,81.17 3 1
together/be8/delivery/controller/address/address.go:85.3,86.28 2 1
together/be8/delivery/controller/address/address.go:100.3,100.64 1 1
together/be8/delivery/controller/address/address.go:81.17,84.4 2 1
together/be8/delivery/controller/address/address.go:86.28,99.4 2 1
together/be8/delivery/controller/address/address.go:105.58,106.36 1 1
together/be8/delivery/controller/address/address.go:106.36,109.17 3 1
together/be8/delivery/controller/address/address.go:113.3,115.29 3 1
together/be8/delivery/controller/address/address.go:119.3,130.65 2 1
together/be8/delivery/controller/address/address.go:109.17,112.4 2 1
together/be8/delivery/controller/address/address.go:115.29,118.4 2 1
together/be8/delivery/controller/address/address.go:135.59,136.36 1 1
together/be8/delivery/controller/address/address.go:136.36,138.41 2 1
together/be8/delivery/controller/address/address.go:141.3,143.17 3 1
together/be8/delivery/controller/address/address.go:147.3,160.25 4 1
together/be8/delivery/controller/address/address.go:164.3,175.64 2 1
together/be8/delivery/controller/address/address.go:138.41,140.4 1 1
together/be8/delivery/controller/address/address.go:143.17,146.4 2 1
together/be8/delivery/controller/address/address.go:160.25,163.4 2 1
together/be8/delivery/controller/address/address.go:180.59,181.36 1 1
together/be8/delivery/controller/address/address.go:181.36,184.17 3 1
together/be8/delivery/controller/address/address.go:188.3,191.23 3 1
together/be8/delivery/controller/address/address.go:194.3,194.52 1 1
together/be8/delivery/controller/address/address.go:184.17,187.4 2 1
together/be8/delivery/controller/address/address.go:191.23,193.4 1 1
together/be8/delivery/controller/address/address.go:199.63,200.36 1 1
together/be8/delivery/controller/address/address.go:200.36,203.17 3 1
together/be8/delivery/controller/address/address.go:207.3,210.24 3 1
together/be8/delivery/controller/address/address.go:213.3,213.64 1 1
together/be8/delivery/controller/address/address.go:203.17,206.4 2 1
together/be8/delivery/controller/address/address.go:210.24,212.4 1 1
together/be8/delivery/controller/category/category.go:23.108,28.2 1 1
together/be8/delivery/controller/category/category.go:31.61,32.36 1 1
together/be8/delivery/controller/category/category.go:32.36,34.41 2 1
together/be8/delivery/controller/category/category.go:39.3,39.49 1 1
together/be8/delivery/controller/category/category.go:44.3,49.23 3 1
together/be8/delivery/controller/category/category.go:53.3,53.63 1 1
together/be8/delivery/controller/category/category.go:34.41,37.4 2 1
together/be8/delivery/controller/category/category.go:39.49,42.4 2 1
together/be8/delivery/controller/category/category.go:49.23,52.4 2 1
together/be8/delivery/controller/category/category.go:57.61,58.36 1 1
together/be8/delivery/controller/category/category.go:58.36,61.17 2 1
together/be8/delivery/controller/category/category.go:65.3,65.60 1 1
together/be8/delivery/controller/category/category.go:61.17,64.4 2 1
together/be8/delivery/controller/category/category.go:69.60,70.36 1 1
together/be8/delivery/controller/category/category.go:70.36,74.17 3 1
together/be8/delivery/controller/category/category.go:78.3,79.17 2 1
together/be8/delivery/controller/category/category.go:83.3,83.59 1 1
together/be8/delivery/controller/category/category.go:74.17,77.4 2 1
together/be8/delivery/controller/category/category.go:79.17,82.4 2 1
together/be8/delivery/controller/category/category.go:87.56,88.36 1 1
together/be8/delivery/controller/category/category.go:88.36,91.17 3 1
together/be8/delivery/controller/category/category.go:95.3,96.41 2 1
together/be8/delivery/controller/category/category.go:100.3,107.25 4 1
together/be8/delivery/controller/category/category.go:111.3,111.58 1 1
together/be8/delivery/controller/category/category.go:91.17,94.4 2 1
together/be8/delivery/controller/category/category.go:96.41,98.4 1 1
together/be8/delivery/controller/category/category.go:107.25,110.4 2 1
together/be8/delivery/controller/category/category.go:114.56,115.36 1 1
together/be8/delivery/controller/category/category.go:115.36,119.17 3 1
together/be8/delivery/controller/category/category.go:124.3,127.23 3 1
together/be8/delivery/controller/category/category.go:130.3,130.52 1 1
together/be8/delivery/controller/category/category.go:119.17,123.4 2 1
together/be8/delivery/controller/category/category.go:127.23,129.4 1 1
together/be8/delivery/controller/transaction/transaction.go:24.122,30.2 1 1
together/be8/delivery/controller/transaction/transaction.go:33.61,34.36 1 1
together/be8/delivery/controller/transaction/transaction.go:34.36,36.52 2 1
together/be8/delivery/controller/transaction/transaction.go:40.3,40.60 1 1
together/be8/delivery/controller/transaction/transaction.go:44.3,49.17 5 1
together/be8/delivery/controller/transaction/transaction.go:54.3,55.29 2 1
together/be8/delivery/controller/transaction/transaction.go:60.3,60.90 1 1
together/be8/delivery/controller/transaction/transaction.go:36.52,39.4 2 1
together/be8/delivery/controller/transaction/transaction.go:40.60,43.4 2 1
together/be8/delivery/controller/transaction/transaction.go:49.17,52.4 2 1
together/be8/delivery/controller/transaction/transaction.go:55.29,58.4 2 1
together/be8/delivery/controller/transaction/transaction.go:65.61,66.36 1 1
together/be8/delivery/controller/transaction/transaction.go:66.36,69.17 3 1
together/be8/delivery/controller/transaction/transaction.go:73.3,73.62 1 1
together/be8/delivery/controller/transaction/transaction.go:69.17,72.4 2 1
together/be8/delivery/controller/transaction/transaction.go:78.64,79.36 1 1
together/be8/delivery/controller/transaction/transaction.go:79.36,84.17 4 1
together/be8/delivery/controller/transaction/transaction.go:88.3,88.71 1 1
together/be8/delivery/controller/transaction/transaction.go:84.17,87.4 2 1
together/be8/delivery/controller/transaction/transaction.go:93.58,94.36 1 1
together/be8/delivery/controller/transaction/transaction.go:94.36,98.17 4 1
together/be8/delivery/controller/transaction/transaction.go:101.3,109.64 2 1
together/be8/delivery/controller/transaction/transaction.go:98.17,100.4 1 1
together/be8/delivery/controller/transaction/transaction.go:114.61,115.36 1 1
together/be8/delivery/controller/transaction/transaction.go:115.36,119.17 4 1
together/be8/delivery/controller/transaction/transaction.go:122.3,122.59 1 1
together/be8/delivery/controller/transaction/transaction.go:119.17,121.4 1 1
together/be8/delivery/controller/user/user.go:22.70,27.2 1 1
together/be8/delivery/controller/user/user.go:29.57,30.36 1 1
together/be8/delivery/controller/user/user.go:30.36,33.42 2 1
together/be8/delivery/controller/user/user.go:38.3,38.51 1 1
together/be8/delivery/controller/user/user.go:43.3,46.17 3 1
together/be8/delivery/controller/user/user.go:51.3,54.70 3 1
together/be8/delivery/controller/user/user.go:33.42,36.4 2 1
together/be8/delivery/controller/user/user.go:38.51,41.4 2 1
together/be8/delivery/controller/user/user.go:46.17,49.4 2 1
together/be8/delivery/controller/user/user.go:58.58,59.36 1 1
together/be8/delivery/controller/user/user.go:59.36,63.17 3 1
together/be8/delivery/controller/user/user.go:67.3,68.32 2 1
together/be8/delivery/controller/user/user.go:72.3,74.17 2 1
together/be8/delivery/controller/user/user.go:78.3,80.65 2 1
together/be8/delivery/controller/user/user.go:63.17,66.4 2 1
together/be8/delivery/controller/user/user.go:68.32,70.4 1 1
together/be8/delivery/controller/user/user.go:74.17,77.4 2 1
together/be8/delivery/controller/user/user.go:85.59,86.36 1 1
together/be8/delivery/controller/user/user.go:86.36,89.41 2 1
together/be8/delivery/controller/user/user.go:93.3,94.17 2 1
together/be8/delivery/controller/user/user.go:98.3,100.28 2 1
together/be8/delivery/controller/user/user.go:103.3,107.17 3 1
together/be8/delivery/controller/user/user.go:116.3,118.64 2 1
together/be8/delivery/controller/user/user.go:89.41,91.4 1 1
together/be8/delivery/controller/user/user.go:94.17,97.4 2 1
together/be8/delivery/controller/user/user.go:100.28,102.4 1 1
together/be8/delivery/controller/user/user.go:107.17,110.31 3 1
together/be8/delivery/controller/user/user.go:113.4,113.77 1 1
together/be8/delivery/controller/user/user.go:110.31,112.5 1 0
together/be8/delivery/controller/user/user.go:122.52,123.36 1 1
together/be8/delivery/controller/user/user.go:123.36,126.40 2 1
together/be8/delivery/controller/user/user.go:131.3,131.49 1 1
together/be8/delivery/controller/user/user.go:136.3,138.17 2 1
together/be8/delivery/controller/user/user.go:143.3,145.22 2 1
together/be8/delivery/controller/user/user.go:151.3,151.72 1 0
together/be8/delivery/controller/user/user.go:126.40,129.4 2 1
together/be8/delivery/controller/user/user.go:131.49,134.4 2 1
together/be8/delivery/controller/user/user.go:138.17,141.4 2 1
together/be8/delivery/controller/user/user.go:145.22,149.4 3 1
together/be8/delivery/controller/user/user.go:155.59,156.36 1 1
together/be8/delivery/controller/user/user.go:156.36,161.17 3 1
together/be8/delivery/controller/user/user.go:166.3,168.32 2 1
together/be8/delivery/controller/user/user.go:172.3,174.18 2 1
together/be8/delivery/controller/user/user.go:178.3,178.52 1 1
together/be8/delivery/controller/user/user.go:161.17,164.4 2 1
together/be8/delivery/controller/user/user.go:168.32,170.4 1 1
together/be8/delivery/controller/user/user.go:174.18,176.4 1 1
