mode: set
together/be8/delivery/controller/product/product.go:26.86,31.2 1 1
together/be8/delivery/controller/product/product.go:33.59,34.36 1 1
together/be8/delivery/controller/product/product.go:34.36,37.42 2 1
together/be8/delivery/controller/product/product.go:42.3,42.51 1 1
together/be8/delivery/controller/product/product.go:46.3,57.23 4 1
together/be8/delivery/controller/product/product.go:61.3,62.63 2 1
together/be8/delivery/controller/product/product.go:37.42,40.4 2 1
together/be8/delivery/controller/product/product.go:42.51,45.4 2 1
together/be8/delivery/controller/product/product.go:57.23,60.4 2 1
together/be8/delivery/controller/product/product.go:66.66,67.36 1 1
together/be8/delivery/controller/product/product.go:67.36,70.17 3 1
together/be8/delivery/controller/product/product.go:75.3,76.25 2 1
together/be8/delivery/controller/product/product.go:80.3,80.62 1 1
together/be8/delivery/controller/product/product.go:70.17,73.4 2 1
together/be8/delivery/controller/product/product.go:76.25,79.4 2 1
together/be8/delivery/controller/product/product.go:84.68,85.36 1 1
together/be8/delivery/controller/product/product.go:85.36,88.17 3 1
together/be8/delivery/controller/product/product.go:93.3,94.47 2 1
together/be8/delivery/controller/product/product.go:98.3,98.63 1 1
together/be8/delivery/controller/product/product.go:88.17,91.4 2 1
together/be8/delivery/controller/product/product.go:94.47,97.4 2 1
together/be8/delivery/controller/product/product.go:101.57,102.36 1 1
together/be8/delivery/controller/product/product.go:102.36,106.17 3 1
together/be8/delivery/controller/product/product.go:110.3,111.17 2 1
together/be8/delivery/controller/product/product.go:115.3,115.62 1 1
together/be8/delivery/controller/product/product.go:106.17,109.4 2 1
together/be8/delivery/controller/product/product.go:111.17,114.4 2 1
together/be8/delivery/controller/product/product.go:119.61,120.36 1 1
together/be8/delivery/controller/product/product.go:120.36,123.17 3 1
together/be8/delivery/controller/product/product.go:127.3,128.41 2 1
together/be8/delivery/controller/product/product.go:132.3,143.25 4 1
together/be8/delivery/controller/product/product.go:147.3,147.61 1 1
together/be8/delivery/controller/product/product.go:123.17,126.4 2 1
together/be8/delivery/controller/product/product.go:128.41,130.4 1 1
together/be8/delivery/controller/product/product.go:143.25,146.4 2 1
together/be8/delivery/controller/product/product.go:150.61,151.36 1 1
together/be8/delivery/controller/product/product.go:151.36,156.17 3 1
together/be8/delivery/controller/product/product.go:161.3,164.23 3 1
together/be8/delivery/controller/product/product.go:167.3,167.52 1 1
together/be8/delivery/controller/product/product.go:156.17,160.4 2 1
together/be8/delivery/controller/product/product.go:164.23,166.4 1 1
