mode: set
together/be8/delivery/controller/transaction/transaction.go:24.122,30.2 1 1
together/be8/delivery/controller/transaction/transaction.go:33.61,34.36 1 1
together/be8/delivery/controller/transaction/transaction.go:34.36,36.52 2 1
together/be8/delivery/controller/transaction/transaction.go:40.3,40.60 1 1
together/be8/delivery/controller/transaction/transaction.go:44.3,49.17 5 1
together/be8/delivery/controller/transaction/transaction.go:54.3,55.29 2 1
together/be8/delivery/controller/transaction/transaction.go:60.3,60.82 1 1
together/be8/delivery/controller/transaction/transaction.go:36.52,39.4 2 1
together/be8/delivery/controller/transaction/transaction.go:40.60,43.4 2 1
together/be8/delivery/controller/transaction/transaction.go:49.17,52.4 2 1
together/be8/delivery/controller/transaction/transaction.go:55.29,58.4 2 1
together/be8/delivery/controller/transaction/transaction.go:65.61,66.36 1 1
together/be8/delivery/controller/transaction/transaction.go:66.36,69.17 3 1
together/be8/delivery/controller/transaction/transaction.go:73.3,73.62 1 1
together/be8/delivery/controller/transaction/transaction.go:69.17,72.4 2 1
together/be8/delivery/controller/transaction/transaction.go:78.64,79.36 1 1
together/be8/delivery/controller/transaction/transaction.go:79.36,84.17 4 1
together/be8/delivery/controller/transaction/transaction.go:88.3,88.71 1 1
together/be8/delivery/controller/transaction/transaction.go:84.17,87.4 2 1
together/be8/delivery/controller/transaction/transaction.go:93.58,94.36 1 1
together/be8/delivery/controller/transaction/transaction.go:94.36,98.17 4 1
together/be8/delivery/controller/transaction/transaction.go:101.3,101.62 1 1
together/be8/delivery/controller/transaction/transaction.go:98.17,100.4 1 1
together/be8/delivery/controller/transaction/transaction.go:106.61,107.36 1 1
together/be8/delivery/controller/transaction/transaction.go:107.36,111.17 4 1
together/be8/delivery/controller/transaction/transaction.go:114.3,114.59 1 1
together/be8/delivery/controller/transaction/transaction.go:111.17,113.4 1 1
