mode: set
together/be8/delivery/controller/user/user.go:22.70,27.2 1 1
together/be8/delivery/controller/user/user.go:29.57,30.36 1 1
together/be8/delivery/controller/user/user.go:30.36,33.42 2 1
together/be8/delivery/controller/user/user.go:38.3,38.51 1 1
together/be8/delivery/controller/user/user.go:43.3,46.17 3 1
together/be8/delivery/controller/user/user.go:50.3,51.65 2 1
together/be8/delivery/controller/user/user.go:33.42,36.4 2 1
together/be8/delivery/controller/user/user.go:38.51,41.4 2 1
together/be8/delivery/controller/user/user.go:46.17,49.4 2 1
together/be8/delivery/controller/user/user.go:55.58,56.36 1 1
together/be8/delivery/controller/user/user.go:56.36,60.17 3 1
together/be8/delivery/controller/user/user.go:64.3,65.32 2 1
together/be8/delivery/controller/user/user.go:69.3,71.17 2 1
together/be8/delivery/controller/user/user.go:76.3,76.62 1 1
together/be8/delivery/controller/user/user.go:60.17,63.4 2 1
together/be8/delivery/controller/user/user.go:65.32,67.4 1 1
together/be8/delivery/controller/user/user.go:71.17,74.4 2 1
together/be8/delivery/controller/user/user.go:82.59,83.36 1 1
together/be8/delivery/controller/user/user.go:83.36,86.41 2 1
together/be8/delivery/controller/user/user.go:90.3,91.17 2 1
together/be8/delivery/controller/user/user.go:95.3,97.28 2 1
together/be8/delivery/controller/user/user.go:100.3,104.17 3 1
together/be8/delivery/controller/user/user.go:114.3,114.61 1 1
together/be8/delivery/controller/user/user.go:86.41,88.4 1 1
together/be8/delivery/controller/user/user.go:91.17,94.4 2 1
together/be8/delivery/controller/user/user.go:97.28,99.4 1 1
together/be8/delivery/controller/user/user.go:104.17,107.31 3 1
together/be8/delivery/controller/user/user.go:110.4,110.77 1 1
together/be8/delivery/controller/user/user.go:107.31,109.5 1 0
together/be8/delivery/controller/user/user.go:118.52,119.36 1 1
together/be8/delivery/controller/user/user.go:119.36,122.40 2 1
together/be8/delivery/controller/user/user.go:127.3,127.49 1 1
together/be8/delivery/controller/user/user.go:132.3,134.17 2 1
together/be8/delivery/controller/user/user.go:139.3,141.22 2 1
together/be8/delivery/controller/user/user.go:147.3,147.72 1 0
together/be8/delivery/controller/user/user.go:122.40,125.4 2 1
together/be8/delivery/controller/user/user.go:127.49,130.4 2 1
together/be8/delivery/controller/user/user.go:134.17,137.4 2 1
together/be8/delivery/controller/user/user.go:141.22,145.4 3 1
together/be8/delivery/controller/user/user.go:151.59,152.36 1 1
together/be8/delivery/controller/user/user.go:152.36,157.17 3 1
together/be8/delivery/controller/user/user.go:162.3,164.32 2 1
together/be8/delivery/controller/user/user.go:168.3,170.18 2 1
together/be8/delivery/controller/user/user.go:174.3,174.52 1 1
together/be8/delivery/controller/user/user.go:157.17,160.4 2 1
together/be8/delivery/controller/user/user.go:164.32,166.4 1 1
together/be8/delivery/controller/user/user.go:170.18,172.4 1 1
