mode: set
together/be8/delivery/controller/user/user.go:22.70,27.2 1 1
together/be8/delivery/controller/user/user.go:29.57,30.36 1 1
together/be8/delivery/controller/user/user.go:30.36,33.42 2 1
together/be8/delivery/controller/user/user.go:38.3,38.51 1 1
together/be8/delivery/controller/user/user.go:43.3,46.17 3 1
together/be8/delivery/controller/user/user.go:50.3,51.65 2 1
together/be8/delivery/controller/user/user.go:33.42,36.4 2 1
together/be8/delivery/controller/user/user.go:38.51,41.4 2 1
together/be8/delivery/controller/user/user.go:46.17,49.4 2 0
together/be8/delivery/controller/user/user.go:72.58,73.36 1 1
together/be8/delivery/controller/user/user.go:73.36,77.17 3 1
together/be8/delivery/controller/user/user.go:81.3,83.32 3 1
together/be8/delivery/controller/user/user.go:87.3,89.17 2 1
together/be8/delivery/controller/user/user.go:99.3,99.62 1 1
together/be8/delivery/controller/user/user.go:77.17,80.4 2 1
together/be8/delivery/controller/user/user.go:83.32,85.4 1 1
together/be8/delivery/controller/user/user.go:89.17,92.31 3 0
together/be8/delivery/controller/user/user.go:95.4,95.77 1 0
together/be8/delivery/controller/user/user.go:92.31,94.5 1 0
together/be8/delivery/controller/user/user.go:105.59,106.36 1 1
together/be8/delivery/controller/user/user.go:106.36,109.35 2 1
together/be8/delivery/controller/user/user.go:113.3,114.17 2 1
together/be8/delivery/controller/user/user.go:118.3,120.28 2 1
together/be8/delivery/controller/user/user.go:124.3,126.17 2 0
together/be8/delivery/controller/user/user.go:136.3,136.61 1 0
together/be8/delivery/controller/user/user.go:109.35,111.4 1 0
together/be8/delivery/controller/user/user.go:114.17,117.4 2 1
together/be8/delivery/controller/user/user.go:120.28,122.4 1 1
together/be8/delivery/controller/user/user.go:126.17,129.31 3 0
together/be8/delivery/controller/user/user.go:132.4,132.77 1 0
together/be8/delivery/controller/user/user.go:129.31,131.5 1 0
together/be8/delivery/controller/user/user.go:140.52,141.36 1 1
together/be8/delivery/controller/user/user.go:141.36,144.40 2 1
together/be8/delivery/controller/user/user.go:149.3,149.49 1 1
together/be8/delivery/controller/user/user.go:154.3,156.17 2 1
together/be8/delivery/controller/user/user.go:161.3,163.22 2 1
together/be8/delivery/controller/user/user.go:169.3,169.72 1 0
together/be8/delivery/controller/user/user.go:144.40,147.4 2 1
together/be8/delivery/controller/user/user.go:149.49,152.4 2 1
together/be8/delivery/controller/user/user.go:156.17,159.4 2 0
together/be8/delivery/controller/user/user.go:163.22,167.4 3 1
together/be8/delivery/controller/user/user.go:173.59,174.36 1 1
together/be8/delivery/controller/user/user.go:174.36,179.17 3 1
together/be8/delivery/controller/user/user.go:184.3,186.32 2 1
together/be8/delivery/controller/user/user.go:190.3,192.18 2 0
together/be8/delivery/controller/user/user.go:200.3,200.52 1 0
together/be8/delivery/controller/user/user.go:179.17,182.4 2 1
together/be8/delivery/controller/user/user.go:186.32,188.4 1 1
together/be8/delivery/controller/user/user.go:192.18,195.31 3 0
together/be8/delivery/controller/user/user.go:195.31,197.5 1 0
