mode: set
together/be8/delivery/controller/cart/cart.go:25.93,30.2 1 1
together/be8/delivery/controller/cart/cart.go:33.53,34.36 1 1
together/be8/delivery/controller/cart/cart.go:34.36,36.41 2 1
together/be8/delivery/controller/cart/cart.go:41.3,41.49 1 1
together/be8/delivery/controller/cart/cart.go:45.3,56.23 4 1
together/be8/delivery/controller/cart/cart.go:60.3,60.64 1 1
together/be8/delivery/controller/cart/cart.go:36.41,39.4 2 1
together/be8/delivery/controller/cart/cart.go:41.49,44.4 2 1
together/be8/delivery/controller/cart/cart.go:56.23,59.4 2 1
together/be8/delivery/controller/cart/cart.go:65.53,66.36 1 1
together/be8/delivery/controller/cart/cart.go:66.36,69.17 3 1
together/be8/delivery/controller/cart/cart.go:74.3,78.37 5 1
together/be8/delivery/controller/cart/cart.go:99.3,99.69 1 1
together/be8/delivery/controller/cart/cart.go:69.17,72.4 2 1
together/be8/delivery/controller/cart/cart.go:78.37,80.29 2 1
together/be8/delivery/controller/cart/cart.go:94.4,97.20 4 1
together/be8/delivery/controller/cart/cart.go:80.29,81.35 1 1
together/be8/delivery/controller/cart/cart.go:85.5,85.32 1 1
together/be8/delivery/controller/cart/cart.go:81.35,84.6 2 1
together/be8/delivery/controller/cart/cart.go:85.32,86.26 1 1
together/be8/delivery/controller/cart/cart.go:90.6,91.17 2 1
together/be8/delivery/controller/cart/cart.go:86.26,89.7 2 1
together/be8/delivery/controller/cart/cart.go:104.52,105.36 1 1
together/be8/delivery/controller/cart/cart.go:105.36,108.17 3 1
together/be8/delivery/controller/cart/cart.go:112.3,114.26 3 1
together/be8/delivery/controller/cart/cart.go:118.3,118.60 1 1
together/be8/delivery/controller/cart/cart.go:108.17,111.4 2 1
together/be8/delivery/controller/cart/cart.go:114.26,117.4 2 1
together/be8/delivery/controller/cart/cart.go:123.53,124.36 1 1
together/be8/delivery/controller/cart/cart.go:124.36,126.41 2 1
together/be8/delivery/controller/cart/cart.go:129.3,131.17 3 1
together/be8/delivery/controller/cart/cart.go:135.3,138.25 4 1
together/be8/delivery/controller/cart/cart.go:142.3,142.59 1 1
together/be8/delivery/controller/cart/cart.go:126.41,128.4 1 1
together/be8/delivery/controller/cart/cart.go:131.17,134.4 2 1
together/be8/delivery/controller/cart/cart.go:138.25,141.4 2 1
together/be8/delivery/controller/cart/cart.go:147.53,148.36 1 1
together/be8/delivery/controller/cart/cart.go:148.36,151.17 3 1
together/be8/delivery/controller/cart/cart.go:156.3,159.23 3 1
together/be8/delivery/controller/cart/cart.go:162.3,162.52 1 1
together/be8/delivery/controller/cart/cart.go:151.17,154.4 2 1
together/be8/delivery/controller/cart/cart.go:159.23,161.4 1 1
